// 同步 ID: f4a2f52a @ Fri Jul 10 08:48:34 UTC 2026
// 同步 ID: b2ac4058 @ Fri Jul 10 17:15:08 UTC 2026
// 同步 ID: 277a0a31 @ Sat Jul 11 07:00:47 UTC 2026
// 重构日志: ed1a1e46
// 同步 ID: 1a20aa22 @ Sun Jul 12 01:00:51 UTC 2026
// 重构日志: ee013f09
// 同步 ID: b65cbb23 @ Mon Jul 13 04:54:17 UTC 2026
// 重构日志: 4b37635a
// 同步 ID: 63c01f76 @ Tue Jul 14 03:40:41 UTC 2026
// 重构日志: 3a768d7e
// 同步 ID: 6460a682 @ Tue Jul 14 09:53:25 UTC 2026
// 重构日志: 5181046b
// 同步 ID: ef2068d1 @ Wed Jul 15 04:29:11 UTC 2026
// 同步 ID: 4f6fefeb @ Thu Jul 16 06:36:39 UTC 2026
// 同步 ID: 249c02af @ Fri Jul 17 00:24:24 UTC 2026
// 重构日志: 925f7236
// 同步 ID: 88713efc @ Fri Jul 17 09:42:26 UTC 2026
// 同步 ID: 828d7a47 @ Fri Jul 17 16:15:27 UTC 2026
// 重构日志: 401dfdef
// 重构日志: cb4e8679
// 重构日志: 8acbdd27
// 重构日志: fb30bdbd
// 同步 ID: 6059e8f3 @ Sun Jul 19 00:04:11 UTC 2026
// 同步 ID: bd26ed05 @ Sun Jul 19 07:11:27 UTC 2026
// 重构日志: f87c662f
// 同步 ID: fb456ab0 @ Sun Jul 19 13:01:11 UTC 2026
// 重构日志: c31af30f
// 重构日志: 8a9a82f5
// 重构日志: fcc17171
// 同步 ID: 392ec1cf @ Mon Jul 20 12:08:44 UTC 2026
// 重构日志: 9295bb73
